<?xml version="1.0" encoding="UTF-8"?>
<testng-results ignored="0" total="2" passed="2" failed="0" skipped="0">
  <reporter-output>
  </reporter-output>
  <suite started-at="2024-07-23T15:15:34 IST" name="Default suite" finished-at="2024-07-23T15:15:34 IST" duration-ms="64">
    <groups>
    </groups>
    <test started-at="2024-07-23T15:15:34 IST" name="Default test" finished-at="2024-07-23T15:15:34 IST" duration-ms="64">
      <class name="tests.Collections.CollectionPrograms">
        <test-method signature="Howtoreplaceanelementinalist()[pri:0, instance:tests.Collections.CollectionPrograms@74e28667]" started-at="2024-07-23T15:15:34 IST" name="Howtoreplaceanelementinalist" finished-at="2024-07-23T15:15:34 IST" duration-ms="12" status="PASS">
          <reporter-output>
          </reporter-output>
        </test-method> <!-- Howtoreplaceanelementinalist -->
        <test-method signature="JavaProgramtoRotateElementsoftheList()[pri:0, instance:tests.Collections.CollectionPrograms@74e28667]" started-at="2024-07-23T15:15:34 IST" name="JavaProgramtoRotateElementsoftheList" finished-at="2024-07-23T15:15:34 IST" duration-ms="4" status="PASS">
          <reporter-output>
          </reporter-output>
        </test-method> <!-- JavaProgramtoRotateElementsoftheList -->
      </class> <!-- tests.Collections.CollectionPrograms -->
    </test> <!-- Default test -->
  </suite> <!-- Default suite -->
</testng-results>
