<?xml version="1.0" encoding="UTF-8"?>
<testng-results ignored="0" total="3" passed="3" failed="0" skipped="0">
  <reporter-output>
  </reporter-output>
  <suite started-at="2024-08-07T16:04:02 IST" name="Default suite" finished-at="2024-08-07T16:04:02 IST" duration-ms="76">
    <groups>
    </groups>
    <test started-at="2024-08-07T16:04:02 IST" name="Default test" finished-at="2024-08-07T16:04:02 IST" duration-ms="76">
      <class name="tests.Collections.MapTest">
        <test-method signature="FindAverageTest()[pri:0, instance:tests.Collections.MapTest@3f191845]" started-at="2024-08-07T16:04:02 IST" name="FindAverageTest" finished-at="2024-08-07T16:04:02 IST" duration-ms="12" status="PASS">
          <reporter-output>
          </reporter-output>
        </test-method> <!-- FindAverageTest -->
        <test-method signature="IterateTest()[pri:0, instance:tests.Collections.MapTest@3f191845]" started-at="2024-08-07T16:04:02 IST" name="IterateTest" finished-at="2024-08-07T16:04:02 IST" duration-ms="4" status="PASS">
          <reporter-output>
          </reporter-output>
        </test-method> <!-- IterateTest -->
        <test-method signature="arrayTest()[pri:0, instance:tests.Collections.MapTest@3f191845]" started-at="2024-08-07T16:04:02 IST" name="arrayTest" finished-at="2024-08-07T16:04:02 IST" duration-ms="3" status="PASS">
          <reporter-output>
          </reporter-output>
        </test-method> <!-- arrayTest -->
      </class> <!-- tests.Collections.MapTest -->
    </test> <!-- Default test -->
  </suite> <!-- Default suite -->
</testng-results>
