<?xml version="1.0" encoding="UTF-8"?>
<!-- Generated by org.testng.reporters.JUnitXMLReporter -->
<testsuite ignored="0" hostname="DESKTOP-LK4FC38" failures="0" tests="9" name="Test" time="10.17" errors="0" timestamp="2024-07-22T15:28:32 IST">
  <testcase classname="tests.BasicSeleniumTest" name="navigateTo" time="0.081"/>
  <testcase classname="tests.BasicSeleniumTest" name="login" time="0.735"/>
  <testcase classname="tests.BasicSeleniumTest" name="verifyLogin" time="1.033"/>
  <testcase classname="tests.PFSeleniumTest" name="navigateTo" time="0.401"/>
  <testcase classname="tests.PFSeleniumTest" name="login" time="0.315"/>
  <testcase classname="tests.PFSeleniumTest" name="verifyLogin" time="1.058"/>
  <testcase classname="tests.POMSeleniumTest" name="navigateTo" time="0.435"/>
  <testcase classname="tests.POMSeleniumTest" name="login" time="0.309"/>
  <testcase classname="tests.POMSeleniumTest" name="verifyLogin" time="1.038"/>
</testsuite> <!-- Test -->
