<?xml version="1.0" encoding="UTF-8"?>
<!-- Generated by org.testng.reporters.JUnitXMLReporter -->
<testsuite ignored="0" hostname="DESKTOP-LK4FC38" failures="0" tests="6" name="Default test" time="0.131" errors="0" timestamp="2024-07-23T19:46:31 IST">
  <testcase classname="JavaProject.StringTests" name="checkAlphanumericStringTest" time="0.015"/>
  <testcase classname="JavaProject.StringTests" name="checkOccuranceTest" time="0.006"/>
  <testcase classname="JavaProject.StringTests" name="checkPalingdromeStringTest" time="0.013"/>
  <testcase classname="JavaProject.StringTests" name="checkSubStringTest" time="0.003"/>
  <testcase classname="JavaProject.StringTests" name="reverseStringCharAtTest" time="0.002"/>
  <testcase classname="JavaProject.StringTests" name="reverseStringTest" time="0.011"/>
</testsuite> <!-- Default test -->
