<?xml version="1.0" encoding="UTF-8"?>
<!-- Generated by org.testng.reporters.JUnitXMLReporter -->
<testsuite ignored="0" hostname="DEV-PC" failures="0" tests="7" name="Default test" time="0.108" errors="0" timestamp="2024-08-09T12:23:47 IST">
  <testcase classname="JavaProject.StringTests" name="checkAlphanumericStringTest" time="0.01"/>
  <testcase classname="JavaProject.StringTests" name="checkOccuranceTest" time="0.003"/>
  <testcase classname="JavaProject.StringTests" name="checkPalingdromeStringTest" time="0.003"/>
  <testcase classname="JavaProject.StringTests" name="checkSubStringTest" time="0.004"/>
  <testcase classname="JavaProject.StringTests" name="reverseStringCharAtTest" time="0.003"/>
  <testcase classname="JavaProject.StringTests" name="reverseStringTest" time="0.004"/>
  <testcase classname="JavaProject.StringTests" name="swapCharacterWithAdjecent" time="0.002"/>
</testsuite> <!-- Default test -->
