<?xml version="1.0" encoding="UTF-8"?>
<testng-results ignored="0" total="1" passed="1" failed="0" skipped="0">
  <reporter-output>
  </reporter-output>
  <suite started-at="2024-07-16T13:18:14 IST" name="Default suite" finished-at="2024-07-16T13:18:14 IST" duration-ms="116">
    <groups>
    </groups>
    <test started-at="2024-07-16T13:18:14 IST" name="Default test" finished-at="2024-07-16T13:18:14 IST" duration-ms="116">
      <class name="JavaProject.DateTests">
        <test-method is-config="true" signature="init()[pri:0, instance:JavaProject.DateTests@5677323c]" started-at="2024-07-16T13:18:14 IST" name="init" finished-at="2024-07-16T13:18:14 IST" duration-ms="8" status="PASS">
          <reporter-output>
          </reporter-output>
        </test-method> <!-- init -->
        <test-method signature="dateDifference()[pri:0, instance:JavaProject.DateTests@5677323c]" started-at="2024-07-16T13:18:14 IST" name="dateDifference" finished-at="2024-07-16T13:18:14 IST" duration-ms="68" status="PASS">
          <reporter-output>
          </reporter-output>
        </test-method> <!-- dateDifference -->
      </class> <!-- JavaProject.DateTests -->
    </test> <!-- Default test -->
  </suite> <!-- Default suite -->
</testng-results>
