<?xml version="1.0" encoding="UTF-8"?>
<testng-results ignored="0" total="7" passed="7" failed="0" skipped="0">
  <reporter-output>
  </reporter-output>
  <suite started-at="2024-08-09T12:23:46 IST" name="Default suite" finished-at="2024-08-09T12:23:47 IST" duration-ms="108">
    <groups>
    </groups>
    <test started-at="2024-08-09T12:23:46 IST" name="Default test" finished-at="2024-08-09T12:23:47 IST" duration-ms="108">
      <class name="JavaProject.StringTests">
        <test-method is-config="true" signature="init()[pri:0, instance:JavaProject.StringTests@4b45a2f5]" started-at="2024-08-09T12:23:46 IST" name="init" finished-at="2024-08-09T12:23:46 IST" duration-ms="8" status="PASS">
          <reporter-output>
          </reporter-output>
        </test-method> <!-- init -->
        <test-method signature="checkAlphanumericStringTest()[pri:0, instance:JavaProject.StringTests@4b45a2f5]" started-at="2024-08-09T12:23:47 IST" name="checkAlphanumericStringTest" finished-at="2024-08-09T12:23:47 IST" duration-ms="10" status="PASS">
          <reporter-output>
          </reporter-output>
        </test-method> <!-- checkAlphanumericStringTest -->
        <test-method signature="checkOccuranceTest()[pri:0, instance:JavaProject.StringTests@4b45a2f5]" started-at="2024-08-09T12:23:47 IST" name="checkOccuranceTest" finished-at="2024-08-09T12:23:47 IST" duration-ms="3" status="PASS">
          <reporter-output>
          </reporter-output>
        </test-method> <!-- checkOccuranceTest -->
        <test-method signature="checkPalingdromeStringTest()[pri:0, instance:JavaProject.StringTests@4b45a2f5]" started-at="2024-08-09T12:23:47 IST" name="checkPalingdromeStringTest" finished-at="2024-08-09T12:23:47 IST" duration-ms="3" status="PASS">
          <reporter-output>
          </reporter-output>
        </test-method> <!-- checkPalingdromeStringTest -->
        <test-method signature="checkSubStringTest()[pri:0, instance:JavaProject.StringTests@4b45a2f5]" started-at="2024-08-09T12:23:47 IST" name="checkSubStringTest" finished-at="2024-08-09T12:23:47 IST" duration-ms="4" status="PASS">
          <reporter-output>
          </reporter-output>
        </test-method> <!-- checkSubStringTest -->
        <test-method signature="reverseStringCharAtTest()[pri:0, instance:JavaProject.StringTests@4b45a2f5]" started-at="2024-08-09T12:23:47 IST" name="reverseStringCharAtTest" finished-at="2024-08-09T12:23:47 IST" duration-ms="3" status="PASS">
          <reporter-output>
          </reporter-output>
        </test-method> <!-- reverseStringCharAtTest -->
        <test-method signature="reverseStringTest()[pri:0, instance:JavaProject.StringTests@4b45a2f5]" started-at="2024-08-09T12:23:47 IST" name="reverseStringTest" finished-at="2024-08-09T12:23:47 IST" duration-ms="4" status="PASS">
          <reporter-output>
          </reporter-output>
        </test-method> <!-- reverseStringTest -->
        <test-method signature="swapCharacterWithAdjecent()[pri:0, instance:JavaProject.StringTests@4b45a2f5]" started-at="2024-08-09T12:23:47 IST" name="swapCharacterWithAdjecent" finished-at="2024-08-09T12:23:47 IST" duration-ms="2" status="PASS">
          <reporter-output>
          </reporter-output>
        </test-method> <!-- swapCharacterWithAdjecent -->
      </class> <!-- JavaProject.StringTests -->
    </test> <!-- Default test -->
  </suite> <!-- Default suite -->
</testng-results>
