<?xml version="1.0" encoding="UTF-8"?>
<testng-results ignored="0" total="1" passed="1" failed="0" skipped="0">
  <reporter-output>
  </reporter-output>
  <suite started-at="2024-07-22T11:34:42 IST" name="Default suite" finished-at="2024-07-22T11:34:44 IST" duration-ms="1856">
    <groups>
    </groups>
    <test started-at="2024-07-22T11:34:42 IST" name="Default test" finished-at="2024-07-22T11:34:44 IST" duration-ms="1856">
      <class name="Tests.TestOnLocalAPI">
        <test-method signature="test_delete()[pri:0, instance:Tests.TestOnLocalAPI@3e27aa33]" started-at="2024-07-22T11:34:42 IST" name="test_delete" finished-at="2024-07-22T11:34:44 IST" duration-ms="1802" status="PASS">
          <reporter-output>
          </reporter-output>
        </test-method> <!-- test_delete -->
      </class> <!-- Tests.TestOnLocalAPI -->
    </test> <!-- Default test -->
  </suite> <!-- Default suite -->
</testng-results>
