<?xml version="1.0" encoding="UTF-8"?>
<!-- Generated by org.testng.reporters.JUnitXMLReporter -->
<testsuite ignored="1" hostname="DESKTOP-LK4FC38" failures="0" tests="2" name="Default test" time="2.624" errors="0" timestamp="2024-07-22T15:13:44 IST">
  <testcase classname="tests.PFSeleniumTest" name="navigateTo" time="0.416"/>
  <testcase classname="tests.PFSeleniumTest" name="login" time="0.338"/>
  <testcase classname="tests.PFSeleniumTest" name="verifyLogin" time="0.0">
    <ignored/>
  </testcase> <!-- verifyLogin -->
</testsuite> <!-- Default test -->
