<?xml version="1.0" encoding="UTF-8"?>
<!-- Generated by org.testng.reporters.JUnitXMLReporter -->
<testsuite ignored="0" hostname="DESKTOP-LK4FC38" failures="0" tests="2" name="Default test" time="0.064" errors="0" timestamp="2024-07-23T15:15:34 IST">
  <testcase classname="tests.Collections.CollectionPrograms" name="Howtoreplaceanelementinalist" time="0.012"/>
  <testcase classname="tests.Collections.CollectionPrograms" name="JavaProgramtoRotateElementsoftheList" time="0.004"/>
</testsuite> <!-- Default test -->
