<?xml version="1.0" encoding="UTF-8"?>
<testng-results ignored="0" total="1" passed="1" failed="0" skipped="0">
  <reporter-output>
  </reporter-output>
  <suite started-at="2024-07-21T13:40:21 IST" name="Default suite" finished-at="2024-07-21T13:40:35 IST" duration-ms="14084">
    <groups>
    </groups>
    <test started-at="2024-07-21T13:40:21 IST" name="Default test" finished-at="2024-07-21T13:40:35 IST" duration-ms="14084">
      <class name="test.SauceDemoPOM">
        <test-method signature="SauceDemoPOM()[pri:0, instance:test.SauceDemoPOM@52719fb6]" started-at="2024-07-21T13:40:21 IST" name="SauceDemoPOM" finished-at="2024-07-21T13:40:35 IST" duration-ms="14016" status="PASS">
          <reporter-output>
          </reporter-output>
        </test-method> <!-- SauceDemoPOM -->
      </class> <!-- test.SauceDemoPOM -->
    </test> <!-- Default test -->
  </suite> <!-- Default suite -->
</testng-results>
